{
  level: 'error',
  service: 'albion-bm-price-backend',
  timestamp: '2021-12-31T06:13:00.206Z'
}
{
  level: 'error',
  service: 'albion-bm-price-backend',
  timestamp: '2021-12-31T06:13:17.055Z'
}
{
  level: 'error',
  service: 'albion-bm-price-backend',
  timestamp: '2021-12-31T06:16:51.146Z'
}
{
  level: 'error',
  service: 'albion-bm-price-backend',
  timestamp: '2021-12-31T06:19:15.146Z'
}
{
  level: 'error',
  service: 'albion-bm-price-backend',
  timestamp: '2021-12-31T06:20:43.119Z'
}
{
  level: 'error',
  service: 'albion-bm-price-backend',
  timestamp: '2021-12-31T06:20:45.461Z'
}
{
  level: 'error',
  service: 'albion-bm-price-backend',
  timestamp: '2021-12-31T06:32:58.632Z'
}
{
  level: 'error',
  service: 'albion-bm-price-backend',
  timestamp: '2022-01-06T18:18:15.604Z'
}
